=======================================================================================================
==================================Web servers stack Script Started=====================================
=======================================================================================================
==================================Web servers stack Script Started=====================================
=======================================================================================================
==================================Web servers stack Script Started=====================================
=======================================================================================================
==================================Web servers stack Script Started=====================================
=======================================================================================================
==================================Web servers stack Script Started=====================================
=======================================================================================================
==================================Web servers stack Script Started=====================================
=======================================================================================================
==================================Web servers stack Script Started=====================================
=======================================================================================================
==================================Web servers stack Script Started=====================================
=======================================================================================================
==================================Web servers stack Script Started=====================================
=======================================================================================================
==================================Web servers stack Script Started=====================================
=======================================================================================================
==================================Web servers stack Script Started=====================================
=======================================================================================================
==================================Web servers stack Script Started=====================================
VPC ID: [vpc-85eaf7fcvpc-2689945f]
Security Group ID: []
Publicsubnet1: []
Publicsubnet2: []
=======================================================================================================
==================================Web servers stack Script Started=====================================
VPC ID: [vpc-85eaf7fcvpc-2689945f]
Security Group ID: []
Publicsubnet1: []
Publicsubnet2: []
=======================================================================================================
==================================Web servers stack Script Started=====================================
VPC ID: [vpc-85eaf7fcvpc-2689945f]
Security Group ID: []
Publicsubnet1: []
Publicsubnet2: []
=======================================================================================================
==================================Web servers stack Script Started=====================================
=======================================================================================================
==================================Web servers stack Script Started=====================================
=======================================================================================================
==================================Web servers stack Script Started=====================================
=======================================================================================================
==================================Web servers stack Script Started=====================================
=======================================================================================================
==================================Web servers stack Script Started=====================================
=======================================================================================================
==================================Web servers stack Script Started=====================================
=======================================================================================================
==================================Web servers stack Script Started=====================================
=======================================================================================================
==================================Web servers stack Script Started=====================================
=======================================================================================================
==================================Web servers stack Script Started=====================================
=======================================================================================================
==================================Web servers stack Script Started=====================================
VPC ID: [vpc-75aab70cvpc-d55b47ac]
Security Group ID: []
Publicsubnet1: []
Publicsubnet2: []
=======================================================================================================
==================================Web servers stack Script Started=====================================
VPC ID: [vpc-75aab70cvpc-d55b47ac]
Security Group ID: []
Publicsubnet1: []
Publicsubnet2: []
=======================================================================================================
==================================Web servers stack Script Started=====================================
VPC ID: [vpc-75aab70cvpc-d55b47ac]
Security Group ID: []
Publicsubnet1: []
Publicsubnet2: []
=======================================================================================================
==================================Web servers stack Script Started=====================================
=======================================================================================================
==================================Web servers stack Script Started=====================================
=======================================================================================================
==================================Web servers stack Script Started=====================================
VPC ID: [vpc-546f732d]
Security Group ID: []
Publicsubnet1: [subnet-dec766ba]
Publicsubnet2: [subnet-637d4d4f]
=======================================================================================================
==================================Web servers stack Script Started=====================================
VPC ID: [vpc-546f732d]
Security Group ID: []
Publicsubnet1: [subnet-dec766ba]
Publicsubnet2: [subnet-637d4d4f]
=======================================================================================================
==================================Web servers stack Script Started=====================================
=======================================================================================================
==================================Web servers stack Script Started=====================================
=======================================================================================================
==================================Web servers stack Script Started=====================================
=======================================================================================================
==================================Web servers stack Script Started=====================================
=======================================================================================================
==================================Web servers stack Script Started=====================================
=======================================================================================================
==================================Web servers stack Script Started=====================================
VPC ID: [vpc-546f732d]
Security Group ID: [sg-64d65317]
Publicsubnet1: [subnet-dec766ba]
Publicsubnet2: [subnet-637d4d4f]
=======================================================================================================
==================================Web servers stack Script Started=====================================
VPC ID: [vpc-546f732d]
Security Group ID: [sg-64d65317]
Publicsubnet1: [subnet-dec766ba]
Publicsubnet2: [subnet-637d4d4f]
=======================================================================================================
==================================Web servers stack Script Started=====================================
VPC ID: [vpc-546f732d]
Security Group ID: [sg-64d65317]
Publicsubnet1: [subnet-dec766ba]
Publicsubnet2: [subnet-637d4d4f]
=======================================================================================================
==================================Web servers stack Script Started=====================================
VPC ID: [vpc-546f732d]
Security Group ID: [sg-64d65317]
Publicsubnet1: [subnet-dec766ba]
Publicsubnet2: [subnet-637d4d4f]
=======================================================================================================
==================================Web servers stack Script Started=====================================
VPC ID: [vpc-546f732d]
Security Group ID: [sg-64d65317]
Publicsubnet1: [subnet-dec766ba]
Publicsubnet2: [subnet-637d4d4f]
=======================================================================================================
==================================Web servers stack Script Started=====================================
=======================================================================================================
==================================Web servers stack Script Started=====================================
=======================================================================================================
==================================Web servers stack Script Started=====================================
=======================================================================================================
==================================Web servers stack Script Started=====================================
VPC ID: [vpc-58130f21]
Security Group ID: [sg-00078273]
Publicsubnet1: [subnet-09a0016d]
Publicsubnet2: [subnet-f45262d8]
=======================================================================================================
==================================Web servers stack Script Started=====================================
=======================================================================================================
==================================Web servers stack Script Started=====================================
VPC ID: [vpc-20b4ab59vpc-f3332f8a]
Security Group ID: [sg-bdcb4fcesg-fe890b8d]
Publicsubnet1: []
Publicsubnet2: []
=======================================================================================================
==================================Web servers stack Script Started=====================================
VPC ID: [vpc-20b4ab59vpc-f3332f8a]
Security Group ID: [sg-fe890b8d]
Publicsubnet1: []
Publicsubnet2: []
=======================================================================================================
==================================Web servers stack Script Started=====================================
VPC ID: [vpc-20b4ab59vpc-f3332f8a]
Security Group ID: [sg-fe890b8d]
Publicsubnet1: []
Publicsubnet2: []
=======================================================================================================
==================================Web servers stack Script Started=====================================
VPC ID: [vpc-20b4ab59vpc-f3332f8a]
Security Group ID: [sg-fe890b8d]
Publicsubnet1: []
Publicsubnet2: []
=======================================================================================================
==================================Web servers stack Script Started=====================================
=======================================================================================================
==================================Web servers stack Script Started=====================================
=======================================================================================================
==================================Web servers stack Script Started=====================================
=======================================================================================================
==================================Web servers stack Script Started=====================================
=======================================================================================================
==================================Web servers stack Script Started=====================================
=======================================================================================================
==================================Web servers stack Script Started=====================================
=======================================================================================================
==================================Web servers stack Script Started=====================================
VPC ID: [vpc-1aa3bc63vpc-f3332f8a]
Security Group ID: [sg-4447c537]
Publicsubnet1: []
Publicsubnet2: []
=======================================================================================================
==================================Web servers stack Script Started=====================================
VPC ID: [vpc-1aa3bc63]
Security Group ID: [sg-4447c537]
Publicsubnet1: [subnet-70487c2a]
Publicsubnet2: [subnet-7fc3631b]
=======================================================================================================
==================================Web servers stack Script Started=====================================
=======================================================================================================
==================================Web servers stack Script Started=====================================
VPC ID: [vpc-fa435d83]
Security Group ID: [sg-5fde532c]
Publicsubnet1: [subnet-3123176b]
Publicsubnet2: [subnet-01d67665]
=======================================================================================================
==================================Web servers stack Script Started=====================================
VPC ID: [vpc-fa435d83]
Security Group ID: [sg-5fde532c]
Publicsubnet1: [subnet-3123176b]
Publicsubnet2: [subnet-01d67665]
=======================================================================================================
==================================Web servers stack Script Started=====================================
=======================================================================================================
==================================Web servers stack Script Started=====================================
=======================================================================================================
==================================Web servers stack Script Started=====================================
VPC ID: [vpc-d66977af]
Security Group ID: [sg-0984097a]
Publicsubnet1: [subnet-ad1125f7]
Publicsubnet2: [subnet-cfd979ab]
=======================================================================================================
==================================Web servers stack Script Started=====================================
VPC ID: [vpc-d66977af]
Security Group ID: [sg-0984097a]
Publicsubnet1: [subnet-ad1125f7]
Publicsubnet2: [subnet-cfd979ab]
=======================================================================================================
==================================Web servers stack Script Started=====================================
VPC ID: [vpc-d66977af]
Security Group ID: [sg-0984097a]
Publicsubnet1: [subnet-ad1125f7]
Publicsubnet2: [subnet-cfd979ab]
=======================================================================================================
==================================Web servers stack Script Started=====================================
=======================================================================================================
==================================Web servers stack Script Started=====================================
=======================================================================================================
==================================Web servers stack Script Started=====================================
=======================================================================================================
==================================Web servers stack Script Started=====================================
VPC ID: [vpc-c29789bb]
Security Group ID: [sg-b86be4cb]
Publicsubnet1: [subnet-60ad993a]
Publicsubnet2: [subnet-a46cccc0]
=======================================================================================================
==================================Web servers stack Script Started=====================================
=======================================================================================================
==================================Web servers stack Script Started=====================================
=======================================================================================================
==================================Web servers stack Script Started=====================================
=======================================================================================================
==================================Web servers stack Script Started=====================================
=======================================================================================================
==================================Web servers stack Script Started=====================================
=======================================================================================================
==================================Web servers stack Script Started=====================================
VPC ID: [vpc-42bda33b]
Security Group ID: [sg-7ece400d]
Publicsubnet1: [subnet-8f98acd5]
Publicsubnet2: [subnet-406ece24]
